
Array
(
    [id_proyecto_general] => 1
    [codigo_fmi] => mi codigo fmi2
    [subcentro_costo] => mi subcentro2
    [nombre_proyecto] => mi proyecto2
    [fecha_inicio] => 2016-06-06
    [duracion_meses] => 16
    [fecha_final] => 2017-10-06
    [convocatoria] => convocatoria2
    [anio_convocatoria] => 20132
    [objetivo_general] => objetivo general2
    [cantidad_objetivos_especificos] => 2
    [objetivo_especifico_viejo] => Array
        (
            [0] => Hello there
            [1] => Hello world for second time!
        )

    [obj_especifico_viejo] => Array
        (
            [0] => 9
            [1] => 11
        )

)
